<?xml version="1.0" encoding="UTF-8"?>
<testng-results skipped="0" failed="1" ignored="0" total="1" passed="0">
  <reporter-output>
  </reporter-output>
  <suite name="Default suite" duration-ms="20166" started-at="2017-03-08T13:36:27Z" finished-at="2017-03-08T13:36:48Z">
    <groups>
    </groups>
    <test name="Default test" duration-ms="20166" started-at="2017-03-08T13:36:27Z" finished-at="2017-03-08T13:36:48Z">
      <class name="com.servicenow.testcases.ServiceNowLogin">
        <test-method status="PASS" signature="start()[pri:0, instance:com.servicenow.testcases.ServiceNowLogin@14bf9759]" name="start" is-config="true" duration-ms="11" started-at="2017-03-08T19:06:42Z" finished-at="2017-03-08T19:06:42Z">
          <reporter-output>
          </reporter-output>
        </test-method> <!-- start -->
        <test-method status="FAIL" signature="runAllActiveTestCases(org.json.JSONObject)[pri:0, instance:com.servicenow.testcases.ServiceNowLogin@14bf9759]" name="runAllActiveTestCases" duration-ms="5893" started-at="2017-03-08T19:06:42Z" data-provider="getTestcases" finished-at="2017-03-08T19:06:48Z">
          <params>
            <param index="0">
              <value>
                <![CDATA[{"u_name":"Login","sys_id":"c8f20bd06f113200c70152b10b3ee42f","u_number":"TC0001001","u_order":"10","u_test_suite":"1dd2c7d06f113200c70152b10b3ee4a3","u_active":"true","suiteName":"Automated Test"}]]>
              </value>
            </param>
          </params>
          <exception class="java.lang.IllegalStateException">
            <message>
              <![CDATA[The driver executable does not exist: C:\Users\neslavath\Desktop\Cucumber\Cucumber\chromedriver_win32\chromedriver.exe]]>
            </message>
            <full-stacktrace>
              <![CDATA[java.lang.IllegalStateException: The driver executable does not exist: C:\Users\neslavath\Desktop\Cucumber\Cucumber\chromedriver_win32\chromedriver.exe
	at com.google.common.base.Preconditions.checkState(Preconditions.java:199)
	at org.openqa.selenium.remote.service.DriverService.checkExecutable(DriverService.java:121)
	at org.openqa.selenium.remote.service.DriverService.findExecutable(DriverService.java:116)
	at org.openqa.selenium.chrome.ChromeDriverService.access$000(ChromeDriverService.java:32)
	at org.openqa.selenium.chrome.ChromeDriverService$Builder.findDefaultExecutable(ChromeDriverService.java:137)
	at org.openqa.selenium.remote.service.DriverService$Builder.build(DriverService.java:296)
	at org.openqa.selenium.chrome.ChromeDriverService.createDefaultService(ChromeDriverService.java:88)
	at org.openqa.selenium.chrome.ChromeDriver.<init>(ChromeDriver.java:120)
	at com.servicenow.keywords.GeneralKeywords.openBrowser(GeneralKeywords.java:71)
	at com.servicenow.keywords.GeneralKeywords.openURL(GeneralKeywords.java:84)
	at com.servicenow.keywords.KeyWords.executeKeywords(KeyWords.java:59)
	at com.servicenow.testcases.ServiceNowLogin.runAllActiveTestCases(ServiceNowLogin.java:106)
	at sun.reflect.NativeMethodAccessorImpl.invoke0(Native Method)
	at sun.reflect.NativeMethodAccessorImpl.invoke(NativeMethodAccessorImpl.java:62)
	at sun.reflect.DelegatingMethodAccessorImpl.invoke(DelegatingMethodAccessorImpl.java:43)
	at java.lang.reflect.Method.invoke(Method.java:498)
	at org.testng.internal.MethodInvocationHelper.invokeMethod(MethodInvocationHelper.java:104)
	at org.testng.internal.Invoker.invokeMethod(Invoker.java:645)
	at org.testng.internal.Invoker.invokeTestMethod(Invoker.java:851)
	at org.testng.internal.Invoker.invokeTestMethods(Invoker.java:1177)
	at org.testng.internal.TestMethodWorker.invokeTestMethods(TestMethodWorker.java:129)
	at org.testng.internal.TestMethodWorker.run(TestMethodWorker.java:112)
	at org.testng.TestRunner.privateRun(TestRunner.java:756)
	at org.testng.TestRunner.run(TestRunner.java:610)
	at org.testng.SuiteRunner.runTest(SuiteRunner.java:387)
	at org.testng.SuiteRunner.runSequentially(SuiteRunner.java:382)
	at org.testng.SuiteRunner.privateRun(SuiteRunner.java:340)
	at org.testng.SuiteRunner.run(SuiteRunner.java:289)
	at org.testng.SuiteRunnerWorker.runSuite(SuiteRunnerWorker.java:52)
	at org.testng.SuiteRunnerWorker.run(SuiteRunnerWorker.java:86)
	at org.testng.TestNG.runSuitesSequentially(TestNG.java:1293)
	at org.testng.TestNG.runSuitesLocally(TestNG.java:1218)
	at org.testng.TestNG.runSuites(TestNG.java:1133)
	at org.testng.TestNG.run(TestNG.java:1104)
	at org.testng.remote.AbstractRemoteTestNG.run(AbstractRemoteTestNG.java:132)
	at org.testng.remote.RemoteTestNG.initAndRun(RemoteTestNG.java:236)
	at org.testng.remote.RemoteTestNG.main(RemoteTestNG.java:81)
]]>
            </full-stacktrace>
          </exception> <!-- java.lang.IllegalStateException -->
          <reporter-output>
          </reporter-output>
        </test-method> <!-- runAllActiveTestCases -->
        <test-method status="PASS" signature="generatePDFReport()[pri:0, instance:com.servicenow.testcases.ServiceNowLogin@14bf9759]" name="generatePDFReport" is-config="true" duration-ms="0" started-at="2017-03-08T19:06:48Z" finished-at="2017-03-08T19:06:48Z">
          <reporter-output>
          </reporter-output>
        </test-method> <!-- generatePDFReport -->
      </class> <!-- com.servicenow.testcases.ServiceNowLogin -->
    </test> <!-- Default test -->
  </suite> <!-- Default suite -->
</testng-results>
